
> starter_helpi@0.1.0 test
> react-scripts test --coverage

PASS src/App.test.tsx
  ✓ renders learn react link (41 ms)

------------------------|---------|----------|---------|---------|-------------------
File                    | % Stmts | % Branch | % Funcs | % Lines | Uncovered Line #s 
------------------------|---------|----------|---------|---------|-------------------
All files               |   37.83 |    22.22 |   23.07 |   37.83 |                   
 src                    |   37.03 |    22.22 |   33.33 |   37.03 |                   
  App.tsx               |    62.5 |       40 |      50 |    62.5 | 14,25-27,35-41    
  index.tsx             |       0 |      100 |     100 |       0 | 7-19              
  reportWebVitals.ts    |       0 |        0 |       0 |       0 | 3-10              
 src/pages              |      40 |      100 |   14.28 |      40 |                   
  BasicQuestions.tsx    |   33.33 |      100 |       0 |   33.33 | 9-13              
  DetailedQuestions.tsx |   33.33 |      100 |       0 |   33.33 | 9-12              
  Home.tsx              |      50 |      100 |   33.33 |      50 | 14-17             
------------------------|---------|----------|---------|---------|-------------------
Test Suites: 1 passed, 1 total
Tests:       1 passed, 1 total
Snapshots:   0 total
Time:        2.804 s
Ran all test suites.
[0;33mOne of your dependencies, babel-preset-react-app, is importing the
"@babel/plugin-proposal-private-property-in-object" package without
declaring it in its dependencies. This is currently working because
"@babel/plugin-proposal-private-property-in-object" is already in your
node_modules folder for unrelated reasons, but it [1mmay break at any time[0;33m.

babel-preset-react-app is part of the create-react-app project, [1mwhich
is not maintianed anymore[0;33m. It is thus unlikely that this bug will
ever be fixed. Add "@babel/plugin-proposal-private-property-in-object" to
your devDependencies to work around this error. This will make this message
go away.[0m
  
